{"/home/pluma/projects/revalidator-model/index.js":{"path":"/home/pluma/projects/revalidator-model/index.js","s":{"1":1,"2":1,"3":1,"4":11,"5":1,"6":18,"7":18,"8":8,"9":10,"10":6,"11":5,"12":1,"13":0,"14":10,"15":11,"16":11,"17":11,"18":1,"19":11,"20":2,"21":11,"22":2,"23":11},"b":{"1":[11,0],"2":[8,10],"3":[10,2],"4":[5,1],"5":[6,6],"6":[1,0],"7":[11,10],"8":[2,0]},"f":{"1":11,"2":18,"3":6,"4":0,"5":1,"6":2,"7":2},"fnMap":{"1":{"name":"model","line":9,"loc":{"start":{"line":9,"column":0},"end":{"line":9,"column":23}}},"2":{"name":"Model","line":12,"loc":{"start":{"line":12,"column":2},"end":{"line":12,"column":23}}},"3":{"name":"(anonymous_3)","line":17,"loc":{"start":{"line":17,"column":63},"end":{"line":17,"column":78}}},"4":{"name":"(anonymous_4)","line":23,"loc":{"start":{"line":23,"column":56},"end":{"line":23,"column":70}}},"5":{"name":"(anonymous_5)","line":33,"loc":{"start":{"line":33,"column":29},"end":{"line":33,"column":40}}},"6":{"name":"(anonymous_6)","line":36,"loc":{"start":{"line":36,"column":30},"end":{"line":36,"column":41}}},"7":{"name":"(anonymous_7)","line":39,"loc":{"start":{"line":39,"column":18},"end":{"line":39,"column":33}}}},"statementMap":{"1":{"start":{"line":2,"column":0},"end":{"line":5,"column":23}},"2":{"start":{"line":7,"column":0},"end":{"line":7,"column":23}},"3":{"start":{"line":9,"column":0},"end":{"line":44,"column":1}},"4":{"start":{"line":10,"column":2},"end":{"line":10,"column":24}},"5":{"start":{"line":12,"column":2},"end":{"line":29,"column":3}},"6":{"start":{"line":13,"column":4},"end":{"line":13,"column":20}},"7":{"start":{"line":14,"column":4},"end":{"line":16,"column":5}},"8":{"start":{"line":15,"column":6},"end":{"line":15,"column":29}},"9":{"start":{"line":17,"column":4},"end":{"line":27,"column":8}},"10":{"start":{"line":18,"column":6},"end":{"line":20,"column":7}},"11":{"start":{"line":19,"column":8},"end":{"line":19,"column":20}},"12":{"start":{"line":21,"column":6},"end":{"line":26,"column":8}},"13":{"start":{"line":24,"column":10},"end":{"line":24,"column":43}},"14":{"start":{"line":28,"column":4},"end":{"line":28,"column":16}},"15":{"start":{"line":31,"column":2},"end":{"line":31,"column":68}},"16":{"start":{"line":32,"column":2},"end":{"line":32,"column":34}},"17":{"start":{"line":33,"column":2},"end":{"line":35,"column":4}},"18":{"start":{"line":34,"column":4},"end":{"line":34,"column":56}},"19":{"start":{"line":36,"column":2},"end":{"line":38,"column":4}},"20":{"start":{"line":37,"column":4},"end":{"line":37,"column":55}},"21":{"start":{"line":39,"column":2},"end":{"line":41,"column":4}},"22":{"start":{"line":40,"column":4},"end":{"line":40,"column":76}},"23":{"start":{"line":43,"column":2},"end":{"line":43,"column":15}}},"branchMap":{"1":{"line":10,"type":"binary-expr","locations":[{"start":{"line":10,"column":11},"end":{"line":10,"column":17}},{"start":{"line":10,"column":21},"end":{"line":10,"column":23}}]},"2":{"line":14,"type":"if","locations":[{"start":{"line":14,"column":4},"end":{"line":14,"column":4}},{"start":{"line":14,"column":4},"end":{"line":14,"column":4}}]},"3":{"line":17,"type":"binary-expr","locations":[{"start":{"line":17,"column":51},"end":{"line":17,"column":55}},{"start":{"line":17,"column":59},"end":{"line":17,"column":61}}]},"4":{"line":18,"type":"if","locations":[{"start":{"line":18,"column":6},"end":{"line":18,"column":6}},{"start":{"line":18,"column":6},"end":{"line":18,"column":6}}]},"5":{"line":18,"type":"binary-expr","locations":[{"start":{"line":18,"column":10},"end":{"line":18,"column":32}},{"start":{"line":18,"column":36},"end":{"line":18,"column":63}}]},"6":{"line":22,"type":"binary-expr","locations":[{"start":{"line":22,"column":8},"end":{"line":22,"column":37}},{"start":{"line":23,"column":8},"end":{"line":25,"column":10}}]},"7":{"line":31,"type":"binary-expr","locations":[{"start":{"line":31,"column":34},"end":{"line":31,"column":46}},{"start":{"line":31,"column":50},"end":{"line":31,"column":66}}]},"8":{"line":40,"type":"binary-expr","locations":[{"start":{"line":40,"column":31},"end":{"line":40,"column":35}},{"start":{"line":40,"column":39},"end":{"line":40,"column":41}}]}}}}