TN:
SF:/home/pluma/projects/revalidator-model/index.js
FN:9,model
FN:12,Model
FN:17,(anonymous_3)
FN:23,(anonymous_4)
FN:33,(anonymous_5)
FN:36,(anonymous_6)
FN:39,(anonymous_7)
FNF:7
FNH:6
FNDA:11,model
FNDA:18,Model
FNDA:6,(anonymous_3)
FNDA:0,(anonymous_4)
FNDA:1,(anonymous_5)
FNDA:2,(anonymous_6)
FNDA:2,(anonymous_7)
DA:2,1
DA:7,1
DA:9,1
DA:10,11
DA:12,1
DA:13,18
DA:14,18
DA:15,8
DA:17,10
DA:18,6
DA:19,5
DA:21,1
DA:24,0
DA:28,10
DA:31,11
DA:32,11
DA:33,11
DA:34,1
DA:36,11
DA:37,2
DA:39,11
DA:40,2
DA:43,11
LF:23
LH:22
BRDA:10,1,0,11
BRDA:10,1,1,0
BRDA:14,2,0,8
BRDA:14,2,1,10
BRDA:17,3,0,10
BRDA:17,3,1,2
BRDA:18,4,0,5
BRDA:18,4,1,1
BRDA:18,5,0,6
BRDA:18,5,1,6
BRDA:22,6,0,1
BRDA:22,6,1,0
BRDA:31,7,0,11
BRDA:31,7,1,10
BRDA:40,8,0,2
BRDA:40,8,1,0
BRF:16
BRH:13
end_of_record
